<?xml version="1.0" encoding="UTF-8"?>
<!-- Generated by org.testng.reporters.JUnitXMLReporter -->
<testsuite ignored="0" hostname="shiv-Inspiron-N5110" failures="0" tests="5" name="bookflight for 3 passagers" time="1850.658" errors="0" timestamp="10 Dec 2022 15:25:09 GMT">
  <testcase classname="com.aut.tests.BookFlightTest" name="registrationPage" time="38.191"/>
  <testcase classname="com.aut.tests.BookFlightTest" name="registrationConfirmation" time="0.93"/>
  <testcase classname="com.aut.tests.BookFlightTest" name="flightDetailsPage" time="13.472"/>
  <testcase classname="com.aut.tests.BookFlightTest" name="selectFlightPage" time="1.629"/>
  <testcase classname="com.aut.tests.BookFlightTest" name="orderConfirmationPage" time="1.036"/>
</testsuite> <!-- bookflight for 3 passagers -->
