<?xml version="1.0" encoding="UTF-8"?>
<!-- Generated by org.testng.reporters.JUnitXMLReporter -->
<testsuite ignored="0" hostname="shiv-Inspiron-N5110" failures="0" tests="5" name="bookflight for 2 passagers" time="1884.704" errors="0" timestamp="10 Dec 2022 15:25:43 GMT">
  <testcase classname="com.aut.tests.BookFlightTest" name="registrationPage" time="42.987"/>
  <testcase classname="com.aut.tests.BookFlightTest" name="registrationConfirmation" time="0.637"/>
  <testcase classname="com.aut.tests.BookFlightTest" name="flightDetailsPage" time="13.428"/>
  <testcase classname="com.aut.tests.BookFlightTest" name="selectFlightPage" time="3.355"/>
  <testcase classname="com.aut.tests.BookFlightTest" name="orderConfirmationPage" time="1.836"/>
</testsuite> <!-- bookflight for 2 passagers -->
